#
# There is insufficient memory for the Java Runtime Environment to continue.
# Native memory allocation (mmap) failed to map 260046848 bytes for G1 virtual space
# Possible reasons:
#   The system is out of physical RAM or swap space
#   The process is running with CompressedOops enabled, and the Java Heap may be blocking the growth of the native heap
# Possible solutions:
#   Reduce memory load on the system
#   Increase physical memory or swap space
#   Check if swap backing store is full
#   Decrease Java heap size (-Xmx/-Xms)
#   Decrease number of Java threads
#   Decrease Java thread stack sizes (-Xss)
#   Set larger code cache with -XX:ReservedCodeCacheSize=
#   JVM is running with Zero Based Compressed Oops mode in which the Java heap is
#     placed in the first 32GB address space. The Java Heap base address is the
#     maximum limit for the native heap growth. Please use -XX:HeapBaseMinAddress
#     to set the Java Heap base and to place the Java Heap above 32GB virtual address.
# This output file may be truncated or incomplete.
#
#  Out of Memory Error (os_windows.cpp:3769), pid=11372, tid=7996
#
# JRE version:  (17.0.6) (build )
# Java VM: OpenJDK 64-Bit Server VM (17.0.6+0-b2043.56-10027231, mixed mode, sharing, tiered, compressed oops, compressed class ptrs, g1 gc, windows-amd64)
# No core dump will be written. Minidumps are not enabled by default on client versions of Windows
#

---------------  S U M M A R Y ------------

Command Line: git4idea.http.GitAskPassApp Username for 'https://github.com': 

Host: AMD Ryzen 7 4800H with Radeon Graphics         , 16 cores, 15G,  Windows 11 , 64 bit Build 22621 (10.0.22621.2506)
Time: Thu Nov 23 22:50:54 2023 Malay Peninsula Standard Time elapsed time: 0.013168 seconds (0d 0h 0m 0s)

---------------  T H R E A D  ---------------

Current thread (0x0000013a2badc8b0):  JavaThread "Unknown thread" [_thread_in_vm, id=7996, stack(0x0000002f45b00000,0x0000002f45c00000)]

Stack: [0x0000002f45b00000,0x0000002f45c00000]
Native frames: (J=compiled Java code, j=interpreted, Vv=VM code, C=native code)
V  [jvm.dll+0x683c9a]
V  [jvm.dll+0x8427a4]
V  [jvm.dll+0x843f9e]
V  [jvm.dll+0x844603]
V  [jvm.dll+0x249b75]
V  [jvm.dll+0x680b69]
V  [jvm.dll+0x67505a]
V  [jvm.dll+0x309acb]
V  [jvm.dll+0x310f86]
V  [jvm.dll+0x3608ee]
V  [jvm.dll+0x360b1f]
V  [jvm.dll+0x2dfbf8]
V  [jvm.dll+0x2e0b64]
V  [jvm.dll+0x814091]
V  [jvm.dll+0x36e6a1]
V  [jvm.dll+0x7f35cc]
V  [jvm.dll+0x3f0e8f]
V  [jvm.dll+0x3f29d1]
C  [jli.dll+0x526b]
C  [ucrtbase.dll+0x29363]
C  [KERNEL32.DLL+0x1257d]
C  [ntdll.dll+0x5aa58]


---------------  P R O C E S S  ---------------

Threads class SMR info:
_java_thread_list=0x00007ffb33ddc058, length=0, elements={
}

Java Threads: ( => current thread )

Other Threads:
  0x0000013a2bb439d0 GCTaskThread "GC Thread#0" [stack: 0x0000002f45c00000,0x0000002f45d00000] [id=16336]
  0x0000013a2bb53fd0 ConcurrentGCThread "G1 Main Marker" [stack: 0x0000002f45d00000,0x0000002f45e00000] [id=10032]
  0x0000013a2bb57090 ConcurrentGCThread "G1 Conc#0" [stack: 0x0000002f45e00000,0x0000002f45f00000] [id=20684]

[error occurred during error reporting (printing all threads), id 0xc0000005, EXCEPTION_ACCESS_VIOLATION (0xc0000005) at pc=0x00007ffb33590797]

VM state: not at safepoint (not fully initialized)

VM Mutex/Monitor currently owned by a thread:  ([mutex/lock_event])
[0x0000013a2bada870] Heap_lock - owner thread: 0x0000013a2badc8b0

Heap address: 0x0000000709400000, size: 3948 MB, Compressed Oops mode: Zero based, Oop shift amount: 3

CDS archive(s) mapped at: [0x0000000000000000-0x0000000000000000-0x0000000000000000), size 0, SharedBaseAddress: 0x0000000800000000, ArchiveRelocationMode: 0.
Narrow klass base: 0x0000000000000000, Narrow klass shift: 0, Narrow klass range: 0x0

GC Precious Log:
<Empty>

Heap:
 garbage-first heap   total 0K, used 0K [0x0000000709400000, 0x0000000800000000)
  region size 2048K, 0 young (0K), 0 survivors (0K)

[error occurred during error reporting (printing heap information), id 0xc0000005, EXCEPTION_ACCESS_VIOLATION (0xc0000005) at pc=0x00007ffb3397da89]

GC Heap History (0 events):
No events

Dll operation events (1 events):
Event: 0.008 Loaded shared library C:\Program Files\Android\Android Studio\jbr\bin\java.dll

Deoptimization events (0 events):
No events

Classes unloaded (0 events):
No events

Classes redefined (0 events):
No events

Internal exceptions (0 events):
No events

VM Operations (0 events):
No events

Events (0 events):
No events


Dynamic libraries:
0x00007ff6e5f00000 - 0x00007ff6e5f0a000 	C:\Program Files\Android\Android Studio\jbr\bin\java.exe
0x00007ffb751f0000 - 0x00007ffb75407000 	C:\WINDOWS\SYSTEM32\ntdll.dll
0x00007ffb73300000 - 0x00007ffb733c4000 	C:\WINDOWS\System32\KERNEL32.DLL
0x00007ffb72770000 - 0x00007ffb72b15000 	C:\WINDOWS\System32\KERNELBASE.dll
0x00007ffb72d60000 - 0x00007ffb72e71000 	C:\WINDOWS\System32\ucrtbase.dll
0x00007ffb64340000 - 0x00007ffb64357000 	C:\Program Files\Android\Android Studio\jbr\bin\jli.dll
0x00007ffb52380000 - 0x00007ffb5239b000 	C:\Program Files\Android\Android Studio\jbr\bin\VCRUNTIME140.dll
0x00007ffb73880000 - 0x00007ffb73a2e000 	C:\WINDOWS\System32\USER32.dll
0x00007ffb72b90000 - 0x00007ffb72bb6000 	C:\WINDOWS\System32\win32u.dll
0x00007ffb5f9a0000 - 0x00007ffb5fc33000 	C:\WINDOWS\WinSxS\amd64_microsoft.windows.common-controls_6595b64144ccf1df_6.0.22621.2506_none_270c5ae97388e100\COMCTL32.dll
0x00007ffb73cf0000 - 0x00007ffb73d19000 	C:\WINDOWS\System32\GDI32.dll
0x00007ffb73d20000 - 0x00007ffb73dc7000 	C:\WINDOWS\System32\msvcrt.dll
0x00007ffb72bc0000 - 0x00007ffb72cd9000 	C:\WINDOWS\System32\gdi32full.dll
0x00007ffb72560000 - 0x00007ffb725fa000 	C:\WINDOWS\System32\msvcp_win.dll
0x00007ffb745d0000 - 0x00007ffb74601000 	C:\WINDOWS\System32\IMM32.DLL
0x00007ffb521e0000 - 0x00007ffb521ec000 	C:\Program Files\Android\Android Studio\jbr\bin\vcruntime140_1.dll
0x00007ffb3fab0000 - 0x00007ffb3fb3d000 	C:\Program Files\Android\Android Studio\jbr\bin\msvcp140.dll
0x00007ffb332a0000 - 0x00007ffb33f0e000 	C:\Program Files\Android\Android Studio\jbr\bin\server\jvm.dll
0x00007ffb731b0000 - 0x00007ffb73261000 	C:\WINDOWS\System32\ADVAPI32.dll
0x00007ffb73000000 - 0x00007ffb730a6000 	C:\WINDOWS\System32\sechost.dll
0x00007ffb74620000 - 0x00007ffb74737000 	C:\WINDOWS\System32\RPCRT4.dll
0x00007ffb6a890000 - 0x00007ffb6a8c4000 	C:\WINDOWS\SYSTEM32\WINMM.dll
0x00007ffb4fdc0000 - 0x00007ffb4fdc9000 	C:\WINDOWS\SYSTEM32\WSOCK32.dll
0x00007ffb6a810000 - 0x00007ffb6a81a000 	C:\WINDOWS\SYSTEM32\VERSION.dll
0x00007ffb73800000 - 0x00007ffb73871000 	C:\WINDOWS\System32\WS2_32.dll
0x00007ffb71560000 - 0x00007ffb71578000 	C:\WINDOWS\SYSTEM32\kernel.appcore.dll
0x00007ffb6d930000 - 0x00007ffb6d93a000 	C:\Program Files\Android\Android Studio\jbr\bin\jimage.dll
0x00007ffb67af0000 - 0x00007ffb67d23000 	C:\WINDOWS\SYSTEM32\DBGHELP.DLL
0x00007ffb733d0000 - 0x00007ffb73759000 	C:\WINDOWS\System32\combase.dll
0x00007ffb730d0000 - 0x00007ffb731a7000 	C:\WINDOWS\System32\OLEAUT32.dll
0x00007ffb68670000 - 0x00007ffb686a2000 	C:\WINDOWS\SYSTEM32\dbgcore.DLL
0x00007ffb72ce0000 - 0x00007ffb72d5a000 	C:\WINDOWS\System32\bcryptPrimitives.dll
0x00007ffb67580000 - 0x00007ffb675a5000 	C:\Program Files\Android\Android Studio\jbr\bin\java.dll

dbghelp: loaded successfully - version: 4.0.5 - missing functions: none
symbol engine: initialized successfully - sym options: 0x614 - pdb path: .;C:\Program Files\Android\Android Studio\jbr\bin;C:\WINDOWS\SYSTEM32;C:\WINDOWS\WinSxS\amd64_microsoft.windows.common-controls_6595b64144ccf1df_6.0.22621.2506_none_270c5ae97388e100;C:\Program Files\Android\Android Studio\jbr\bin\server

VM Arguments:
java_command: git4idea.http.GitAskPassApp Username for 'https://github.com': 
java_class_path (initial): C:/Program Files/Android/Android Studio/plugins/vcs-git/lib/git4idea-rt.jar;C:/Program Files/Android/Android Studio/lib/externalProcess-rt.jar;C:/Program Files/Android/Android Studio/lib/app.jar;C:/Program Files/Android/Android Studio/lib/3rd-party-rt.jar
Launcher Type: SUN_STANDARD

[Global flags]
     intx CICompilerCount                          = 12                                        {product} {ergonomic}
     uint ConcGCThreads                            = 3                                         {product} {ergonomic}
     uint G1ConcRefinementThreads                  = 13                                        {product} {ergonomic}
   size_t G1HeapRegionSize                         = 2097152                                   {product} {ergonomic}
    uintx GCDrainStackTargetSize                   = 64                                        {product} {ergonomic}
   size_t InitialHeapSize                          = 260046848                                 {product} {ergonomic}
   size_t MarkStackSize                            = 4194304                                   {product} {ergonomic}
   size_t MaxHeapSize                              = 4139778048                                {product} {ergonomic}
   size_t MinHeapDeltaBytes                        = 2097152                                   {product} {ergonomic}
   size_t MinHeapSize                              = 8388608                                   {product} {ergonomic}
    uintx NonNMethodCodeHeapSize                   = 7602480                                {pd product} {ergonomic}
    uintx NonProfiledCodeHeapSize                  = 122027880                              {pd product} {ergonomic}
    uintx ProfiledCodeHeapSize                     = 122027880                              {pd product} {ergonomic}
    uintx ReservedCodeCacheSize                    = 251658240                              {pd product} {ergonomic}
     bool SegmentedCodeCache                       = true                                      {product} {ergonomic}
   size_t SoftMaxHeapSize                          = 4139778048                             {manageable} {ergonomic}
     bool UseCompressedClassPointers               = true                           {product lp64_product} {ergonomic}
     bool UseCompressedOops                        = true                           {product lp64_product} {ergonomic}
     bool UseG1GC                                  = true                                      {product} {ergonomic}
     bool UseLargePagesIndividualAllocation        = false                                  {pd product} {ergonomic}

Logging:
Log output configuration:
 #0: stdout all=warning uptime,level,tags
 #1: stderr all=off uptime,level,tags

Environment Variables:
PATH=C:/Program Files/Git/mingw64/libexec/git-core;C:/Program Files/Git/mingw64/libexec/git-core;C:\Program Files\Git\mingw64\bin;C:\Program Files\Git\usr\bin;C:\Users\phone\bin;C:\Program Files (x86)\VMware\VMware Player\bin\;C:\Program Files (x86)\Common Files\Oracle\Java\javapath;C:\Program Files\Java\jdk-18.0.1.1\bin;C:\Windows\system32;C:\Windows;C:\Windows\System32\Wbem;C:\Windows\System32\WindowsPowerShell\v1.0\;C:\Windows\System32\OpenSSH\;C:\Program Files (x86)\NVIDIA Corporation\PhysX\Common;C:\Program Files\NVIDIA Corporation\NVIDIA NvDLISR;C:\WINDOWS\system32;C:\WINDOWS;C:\WINDOWS\System32\Wbem;C:\WINDOWS\System32\WindowsPowerShell\v1.0\;C:\WINDOWS\System32\OpenSSH\;C:\Program Files\dotnet\;C:\Program Files (x86)\Microsoft SQL Server\160\Tools\Binn\;C:\Program Files\Microsoft SQL Server\160\Tools\Binn\;C:\Program Files\Microsoft SQL Server\Client SDK\ODBC\170\Tools\Binn\;C:\Program Files\Microsoft SQL Server\160\DTS\Binn\;C:\Program Files (x86)\Microsoft SQL Server\160\DTS\Binn\;C:\Program Files\Azure Data Studio\bin;C:\Program Files\Microsoft SQL Server\150\Tools\Binn\;C:\Program Files\PuTTY\;C:\Program Files\Git\cmd;C:\Users\phone\AppData\Local\Microsoft\WindowsApps;C:\Users\phone\.dotnet\tools;C:\Program Files\Azure Data Studio\bin;C:\Users\phone\AppData\Local\GitHubDesktop\bin
USERNAME=phone
DISPLAY=:0.0
LC_ALL=en_US.UTF-8
TERM=xterm-256color
TMPDIR=C:\Users\phone\AppData\Local\Temp
OS=Windows_NT
PROCESSOR_IDENTIFIER=AMD64 Family 23 Model 96 Stepping 1, AuthenticAMD
TMP=C:\Users\phone\AppData\Local\Temp
TEMP=C:\Users\phone\AppData\Local\Temp


JNI global refs:

[error occurred during error reporting (JNI global references), id 0xc0000005, EXCEPTION_ACCESS_VIOLATION (0xc0000005) at pc=0x00007ffb33357a10]


---------------  S Y S T E M  ---------------

OS:
 Windows 11 , 64 bit Build 22621 (10.0.22621.2506)
OS uptime: 0 days 6:10 hours

CPU: total 16 (initial active 16) (16 cores per cpu, 2 threads per core) family 23 model 96 stepping 1 microcode 0x0, cx8, cmov, fxsr, ht, mmx, 3dnowpref, sse, sse2, sse3, ssse3, sse4a, sse4.1, sse4.2, popcnt, lzcnt, tsc, tscinvbit, avx, avx2, aes, clmul, bmi1, bmi2, adx, sha, fma, vzeroupper, clflush, clflushopt

Memory: 4k page, system-wide physical 15790M (2318M free)
TotalPageFile size 18790M (AvailPageFile size 64M)
current process WorkingSet (physical memory assigned to process): 11M, peak: 11M
current process commit charge ("private bytes"): 70M, peak: 318M

vm_info: OpenJDK 64-Bit Server VM (17.0.6+0-b2043.56-10027231) for windows-amd64 JRE (17.0.6+0-b2043.56-10027231), built on Apr 28 2023 00:43:19 by "androidbuild" with MS VC++ 16.10 / 16.11 (VS2019)

END.
